0 info it worked if it ends with ok
1 verbose cli [ '/usr/local/Cellar/node/5.1.0/bin/node',
1 verbose cli   '/usr/local/bin/npm',
1 verbose cli   'run',
1 verbose cli   'start' ]
2 info using npm@3.3.12
3 info using node@v5.1.0
4 verbose run-script [ 'prestart', 'start', 'poststart' ]
5 info lifecycle about@1.0.0~prestart: about@1.0.0
6 silly lifecycle about@1.0.0~prestart: no script for prestart, continuing
7 info lifecycle about@1.0.0~start: about@1.0.0
8 verbose lifecycle about@1.0.0~start: unsafe-perm in lifecycle true
9 verbose lifecycle about@1.0.0~start: PATH: /usr/local/lib/node_modules/npm/bin/node-gyp-bin:/Users/derekchan/Desktop/Code/lorena-and-andrew/node_modules/.bin:/usr/local/var/rbenv/shims:/Users/derekchan/.rvm/gems/ruby-2.3.0/bin:/Users/derekchan/.rvm/gems/ruby-2.3.0@global/bin:/Users/derekchan/.rvm/rubies/ruby-2.3.0/bin:/usr/local/bin:/usr/bin:/bin:/usr/sbin:/sbin:/Users/derekchan/.rvm/bin:/Applications/Postgres.app/Contents/Versions/9.4/bin
10 verbose lifecycle about@1.0.0~start: CWD: /Users/derekchan/Desktop/Code/lorena-and-andrew
11 silly lifecycle about@1.0.0~start: Args: [ '-c', 'node server.js' ]
12 silly lifecycle about@1.0.0~start: Returned: code: 1  signal: null
13 info lifecycle about@1.0.0~start: Failed to exec start script
14 verbose stack Error: about@1.0.0 start: `node server.js`
14 verbose stack Exit status 1
14 verbose stack     at EventEmitter.<anonymous> (/usr/local/lib/node_modules/npm/lib/utils/lifecycle.js:232:16)
14 verbose stack     at emitTwo (events.js:87:13)
14 verbose stack     at EventEmitter.emit (events.js:172:7)
14 verbose stack     at ChildProcess.<anonymous> (/usr/local/lib/node_modules/npm/lib/utils/spawn.js:24:14)
14 verbose stack     at emitTwo (events.js:87:13)
14 verbose stack     at ChildProcess.emit (events.js:172:7)
14 verbose stack     at maybeClose (internal/child_process.js:818:16)
14 verbose stack     at Process.ChildProcess._handle.onexit (internal/child_process.js:211:5)
15 verbose pkgid about@1.0.0
16 verbose cwd /Users/derekchan/Desktop/Code/lorena-and-andrew
17 error Darwin 15.6.0
18 error argv "/usr/local/Cellar/node/5.1.0/bin/node" "/usr/local/bin/npm" "run" "start"
19 error node v5.1.0
20 error npm  v3.3.12
21 error code ELIFECYCLE
22 error about@1.0.0 start: `node server.js`
22 error Exit status 1
23 error Failed at the about@1.0.0 start script 'node server.js'.
23 error Make sure you have the latest version of node.js and npm installed.
23 error If you do, this is most likely a problem with the about package,
23 error not with npm itself.
23 error Tell the author that this fails on your system:
23 error     node server.js
23 error You can get their info via:
23 error     npm owner ls about
23 error There is likely additional logging output above.
24 verbose exit [ 1, true ]
